#
# A fatal error has been detected by the Java Runtime Environment:
#
#  EXCEPTION_ACCESS_VIOLATION (0xc0000005) at pc=0x00007ff8a21859d5, pid=12276, tid=7088
#
# JRE version: OpenJDK Runtime Environment Temurin-17.0.6+10 (17.0.6+10) (build 17.0.6+10)
# Java VM: OpenJDK 64-Bit Server VM Temurin-17.0.6+10 (17.0.6+10, mixed mode, tiered, compressed oops, compressed class ptrs, g1 gc, windows-amd64)
# Problematic frame:
# V  [jvm.dll+0x3359d5]
#
# No core dump will be written. Minidumps are not enabled by default on client versions of Windows
#
# If you would like to submit a bug report, please visit:
#   https://github.com/adoptium/adoptium-support/issues
#

---------------  S U M M A R Y ------------

Command Line: -XX:+ShowCodeDetailsInExceptionMessages -agentlib:jdwp=transport=dt_socket,suspend=y,address=localhost:56585 -ea -javaagent:C:\softwers\eclipse-jee-2023-03-R-win32-x86_64\eclipse\configuration\org.eclipse.osgi\424\0\.cp\lib\javaagent-shaded.jar -Dfile.encoding=UTF-8 org.eclipse.jdt.internal.junit.runner.RemoteTestRunner -version 3 -port 56584 -testLoaderClass org.eclipse.jdt.internal.junit5.runner.JUnit5TestLoader -loaderpluginname org.eclipse.jdt.junit5.runtime -classNames com.it.testCases.Test_UserDeatils

Host: 11th Gen Intel(R) Core(TM) i3-1115G4 @ 3.00GHz, 4 cores, 7G,  Windows 11 , 64 bit Build 22621 (10.0.22621.1635)
Time: Sun Jun 25 12:34:23 2023 Sri Lanka Standard Time elapsed time: 55.362236 seconds (0d 0h 0m 55s)

---------------  T H R E A D  ---------------

Current thread (0x00000226694274e0):  VMThread "VM Thread" [stack: 0x0000005a33e00000,0x0000005a33f00000] [id=7088]

Stack: [0x0000005a33e00000,0x0000005a33f00000],  sp=0x0000005a33eff2c0,  free space=1020k
Native frames: (J=compiled Java code, j=interpreted, Vv=VM code, C=native code)
V  [jvm.dll+0x3359d5]
V  [jvm.dll+0x337f9d]
V  [jvm.dll+0x33865e]
V  [jvm.dll+0x335caf]
V  [jvm.dll+0x334f67]
V  [jvm.dll+0x6657ea]
V  [jvm.dll+0x665503]
V  [jvm.dll+0x629dc8]
V  [jvm.dll+0x82b7d5]
V  [jvm.dll+0x526866]
V  [jvm.dll+0x83a6eb]
V  [jvm.dll+0x83b424]
V  [jvm.dll+0x83b93c]
V  [jvm.dll+0x83bd14]
V  [jvm.dll+0x83bde0]
V  [jvm.dll+0x7e483a]
V  [jvm.dll+0x6762c5]
C  [ucrtbase.dll+0x29363]
C  [KERNEL32.DLL+0x126ad]
C  [ntdll.dll+0x5a9f8]


siginfo: EXCEPTION_ACCESS_VIOLATION (0xc0000005), reading address 0x0000000000000006


Register to memory mapping:

RIP=0x00007ff8a21859d5 jvm.dll
RAX=0x0 is NULL
RBX=0x0000005a33eff560 points into unknown readable memory: 0x00007ff8a27f4050 | 50 40 7f a2 f8 7f 00 00
RCX=0x0 is NULL
RDX=0x0 is NULL
RSP=0x0000005a33eff2c0 points into unknown readable memory: 0x0000005a33eff330 | 30 f3 ef 33 5a 00 00 00
RBP=0x0 is NULL
RSI=0x0000000000000001 is an unknown value
RDI=0x000002266b21ee30 is pointing into metadata
R8 =0x0 is NULL
R9 =0x000002266b21ee30 is pointing into metadata
R10=0x0000005a33eff560 points into unknown readable memory: 0x00007ff8a27f4050 | 50 40 7f a2 f8 7f 00 00
R11=0x000002266bc5e370 points into unknown readable memory: 0x4600000047000000 | 00 00 00 47 00 00 00 46
R12=0x00007ff8a1e50000 jvm.dll
R13=0x000002266bc5e340 points into unknown readable memory: 0x0000000000000000 | 00 00 00 00 00 00 00 00
R14=0x000002266b21f561 is pointing into metadata
R15=0x0000000000000045 is an unknown value


Registers:
RAX=0x0000000000000000, RBX=0x0000005a33eff560, RCX=0x0000000000000000, RDX=0x0000000000000000
RSP=0x0000005a33eff2c0, RBP=0x0000000000000000, RSI=0x0000000000000001, RDI=0x000002266b21ee30
R8 =0x0000000000000000, R9 =0x000002266b21ee30, R10=0x0000005a33eff560, R11=0x000002266bc5e370
R12=0x00007ff8a1e50000, R13=0x000002266bc5e340, R14=0x000002266b21f561, R15=0x0000000000000045
RIP=0x00007ff8a21859d5, EFLAGS=0x0000000000010206

Top of Stack: (sp=0x0000005a33eff2c0)
0x0000005a33eff2c0:   0000005a33eff330 00007ff8a21895f3
0x0000005a33eff2d0:   0000005a33eff330 00007ff8a1f76cfe
0x0000005a33eff2e0:   000002266b21f5d8 00007ff800000000
0x0000005a33eff2f0:   8fffffff46000000 8fffffff8fffffff
0x0000005a33eff300:   00001391d7d36d0a 00001391d7d36d1a
0x0000005a33eff310:   000002266b21f561 00000000000000cb
0x0000005a33eff320:   0000005a33eff560 00007ff8a2187f9d
0x0000005a33eff330:   000002266b21f560 0000005a33eff3d0
0x0000005a33eff340:   0000005a33eff400 000002266b21f55b
0x0000005a33eff350:   0000005a00000009 0000000000000000
0x0000005a33eff360:   00007ff8a29f44e0 00007ff8a259f670
0x0000005a33eff370:   0000005a33eff3d0 00007ff8a1f76cfe
0x0000005a33eff380:   000002266b21f5d8 0000005a33eff560
0x0000005a33eff390:   0000000000000045 00000000000000b4
0x0000005a33eff3a0:   0000005a33eff560 00007ff8a218865e
0x0000005a33eff3b0:   0000005a33eff400 0000005a33eff400 

Instructions: (pc=0x00007ff8a21859d5)
0x00007ff8a21858d5:   42 8b 1c 81 4e 8d 34 81 8b 75 58 41 81 e0 ff ff
0x00007ff8a21858e5:   ff 00 41 81 c8 00 00 00 47 48 8b cd 45 89 06 c7
0x00007ff8a21858f5:   45 58 01 00 00 00 e8 f0 38 00 00 66 83 7c 24 68
0x00007ff8a2185905:   00 41 89 1e 89 75 58 74 40 8b 4c 24 70 49 ff c7
0x00007ff8a2185915:   0f b7 c1 48 83 c7 08 4c 3b f8 0f 8c 4b ff ff ff
0x00007ff8a2185925:   83 7d 5c 00 74 23 48 83 3d 8d 48 83 00 00 74 15
0x00007ff8a2185935:   80 7d 42 00 74 0f 48 8d 15 b6 71 62 00 48 8b cd
0x00007ff8a2185945:   e8 06 43 00 00 c6 45 42 00 4c 8b 74 24 28 4c 8b
0x00007ff8a2185955:   6c 24 30 4c 8b 64 24 38 48 8b 7c 24 40 48 8b 74
0x00007ff8a2185965:   24 48 48 8b 5c 24 60 4c 8b 7c 24 20 48 83 c4 50
0x00007ff8a2185975:   5d c3 cc cc cc cc cc cc cc cc cc 48 89 5c 24 10
0x00007ff8a2185985:   48 89 6c 24 18 56 57 41 56 48 83 ec 50 48 8b 05
0x00007ff8a2185995:   8f a1 7f 00 48 33 c4 48 89 44 24 40 48 8b 41 08
0x00007ff8a21859a5:   48 8b d9 41 8b e8 8b f2 45 33 c0 41 8b d1 48 8b
0x00007ff8a21859b5:   48 08 48 8b 79 08 48 8b cf e8 8d 79 f0 ff 8b d0
0x00007ff8a21859c5:   48 8b cf e8 53 a2 f0 ff 48 63 c8 48 8b 44 cf 48
0x00007ff8a21859d5:   0f be 48 06 e8 c2 95 41 00 8b 0d d4 46 83 00 48
0x00007ff8a21859e5:   8d 3d d1 46 83 00 8d 50 f4 83 fa 01 76 27 8d 50
0x00007ff8a21859f5:   f9 f7 c2 fb ff ff ff 74 13 83 f8 0e 48 8d 15 c0
0x00007ff8a2185a05:   46 83 00 4c 8b d7 4c 0f 45 d2 eb 27 4c 8d 15 e0
0x00007ff8a2185a15:   46 83 00 eb 1e 8b 84 24 90 00 00 00 4c 8d 54 24
0x00007ff8a2185a25:   30 25 ff ff ff 00 89 4c 24 34 0d 00 00 00 46 89
0x00007ff8a2185a35:   44 24 30 45 33 c0 85 f6 74 05 49 8b fa eb 29 41
0x00007ff8a2185a45:   8b 02 85 c0 74 22 49 8b d0 4d 8b c8 42 89 44 0c
0x00007ff8a2185a55:   20 48 8d 52 01 4c 8d 0c 95 00 00 00 00 41 ff c0
0x00007ff8a2185a65:   43 8b 04 11 85 c0 75 e4 85 ed 75 10 8b 05 8d 97
0x00007ff8a2185a75:   7c 00 49 63 d0 41 ff c0 89 44 94 20 49 63 c0 4c
0x00007ff8a2185a85:   8d 74 24 20 89 4c 84 20 8b 74 24 20 85 f6 74 4c
0x00007ff8a2185a95:   48 63 53 58 85 d2 7f 18 48 8d 15 ac 4b 5e 00 48
0x00007ff8a2185aa5:   8b cb e8 74 48 00 00 44 8b 05 11 46 83 00 eb 16
0x00007ff8a2185ab5:   48 63 4b 20 8d 42 ff 89 43 58 48 03 ca 48 8b 43
0x00007ff8a2185ac5:   48 44 8b 44 88 fc 8b d6 48 8b cb e8 ab f0 ff ff 


Stack slot to memory mapping:
stack at sp + 0 slots: 0x0000005a33eff330 points into unknown readable memory: 0x000002266b21f560 | 60 f5 21 6b 26 02 00 00
stack at sp + 1 slots: 0x00007ff8a21895f3 jvm.dll
stack at sp + 2 slots: 0x0000005a33eff330 points into unknown readable memory: 0x000002266b21f560 | 60 f5 21 6b 26 02 00 00
stack at sp + 3 slots: 0x00007ff8a1f76cfe jvm.dll
stack at sp + 4 slots: {method} {0x000002266b21f5e0} 'test_saveUser' '()V' in 'com/it/testCases/Test_UserDeatils'
stack at sp + 5 slots: 0x00007ff800000000 is an unknown value
stack at sp + 6 slots: 0x8fffffff46000000 is an unknown value
stack at sp + 7 slots: 0x8fffffff8fffffff is an unknown value

VM_Operation (0x0000005a34aff220): get/set locals, mode: safepoint, requested by thread 0x000002266a2e7440


---------------  P R O C E S S  ---------------

Threads class SMR info:
_java_thread_list=0x000002266f788260, length=16, elements={
0x000002264fe5e210, 0x000002266a01c020, 0x000002266a01d080, 0x000002266944ca90,
0x000002266944d440, 0x000002266944e590, 0x0000022669450f50, 0x00000226694523d0,
0x000002266a04aeb0, 0x000002266a05db60, 0x000002266a1c7cb0, 0x000002266a2e7440,
0x000002266a38abf0, 0x000002266a3953e0, 0x000002266ad39b50, 0x000002266ac9d430
}

Java Threads: ( => current thread )
  0x000002264fe5e210 JavaThread "main" [_thread_blocked, id=11640, stack(0x0000005a33800000,0x0000005a33900000)]
  0x000002266a01c020 JavaThread "Reference Handler" daemon [_thread_blocked, id=11420, stack(0x0000005a33f00000,0x0000005a34000000)]
  0x000002266a01d080 JavaThread "Finalizer" daemon [_thread_blocked, id=4864, stack(0x0000005a34000000,0x0000005a34100000)]
  0x000002266944ca90 JavaThread "Signal Dispatcher" daemon [_thread_blocked, id=9232, stack(0x0000005a34200000,0x0000005a34300000)]
  0x000002266944d440 JavaThread "Attach Listener" daemon [_thread_blocked, id=15600, stack(0x0000005a34300000,0x0000005a34400000)]
  0x000002266944e590 JavaThread "Service Thread" daemon [_thread_blocked, id=2384, stack(0x0000005a34400000,0x0000005a34500000)]
  0x0000022669450f50 JavaThread "Monitor Deflation Thread" daemon [_thread_blocked, id=14960, stack(0x0000005a34500000,0x0000005a34600000)]
  0x00000226694523d0 JavaThread "C2 CompilerThread0" daemon [_thread_blocked, id=2088, stack(0x0000005a34600000,0x0000005a34700000)]
  0x000002266a04aeb0 JavaThread "C1 CompilerThread0" daemon [_thread_blocked, id=6880, stack(0x0000005a34700000,0x0000005a34800000)]
  0x000002266a05db60 JavaThread "Sweeper thread" daemon [_thread_blocked, id=11232, stack(0x0000005a34800000,0x0000005a34900000)]
  0x000002266a1c7cb0 JavaThread "Common-Cleaner" daemon [_thread_blocked, id=13100, stack(0x0000005a34900000,0x0000005a34a00000)]
  0x000002266a2e7440 JavaThread "JDWP Transport Listener: dt_socket" daemon [_thread_blocked, id=7376, stack(0x0000005a34a00000,0x0000005a34b00000)]
  0x000002266a38abf0 JavaThread "JDWP Event Helper Thread" daemon [_thread_blocked, id=4468, stack(0x0000005a34b00000,0x0000005a34c00000)]
  0x000002266a3953e0 JavaThread "JDWP Command Reader" daemon [_thread_in_native, id=7836, stack(0x0000005a34c00000,0x0000005a34d00000)]
  0x000002266ad39b50 JavaThread "Notification Thread" daemon [_thread_blocked, id=10420, stack(0x0000005a34e00000,0x0000005a34f00000)]
  0x000002266ac9d430 JavaThread "ReaderThread" [_thread_in_native, id=13320, stack(0x0000005a35300000,0x0000005a35400000)]

Other Threads:
=>0x00000226694274e0 VMThread "VM Thread" [stack: 0x0000005a33e00000,0x0000005a33f00000] [id=7088]
  0x000002266ac54060 WatcherThread [stack: 0x0000005a34f00000,0x0000005a35000000] [id=1356]
  0x000002264feb9980 GCTaskThread "GC Thread#0" [stack: 0x0000005a33900000,0x0000005a33a00000] [id=15528]
  0x000002266b8fe4c0 GCTaskThread "GC Thread#1" [stack: 0x0000005a35000000,0x0000005a35100000] [id=12844]
  0x000002266ac9fe70 GCTaskThread "GC Thread#2" [stack: 0x0000005a35100000,0x0000005a35200000] [id=15996]
  0x000002266ad395d0 GCTaskThread "GC Thread#3" [stack: 0x0000005a35200000,0x0000005a35300000] [id=8284]
  0x000002264feca100 ConcurrentGCThread "G1 Main Marker" [stack: 0x0000005a33a00000,0x0000005a33b00000] [id=10092]
  0x000002264fecb310 ConcurrentGCThread "G1 Conc#0" [stack: 0x0000005a33b00000,0x0000005a33c00000] [id=13796]
  0x000002264ff0d260 ConcurrentGCThread "G1 Refine#0" [stack: 0x0000005a33c00000,0x0000005a33d00000] [id=5580]
  0x000002264ff0ea30 ConcurrentGCThread "G1 Service" [stack: 0x0000005a33d00000,0x0000005a33e00000] [id=15136]

Threads with active compile tasks:

VM state: at safepoint (normal execution)

VM Mutex/Monitor currently owned by a thread:  ([mutex/lock_event])
[0x000002264fe59ce0] Threads_lock - owner thread: 0x00000226694274e0

Heap address: 0x0000000083600000, size: 1994 MB, Compressed Oops mode: 32-bit

CDS archive(s) not mapped
Compressed class space mapped at: 0x0000000100000000-0x0000000140000000, reserved size: 1073741824
Narrow klass base: 0x0000000000000000, Narrow klass shift: 3, Narrow klass range: 0x140000000

GC Precious Log:
 CPUs: 4 total, 4 available
 Memory: 7975M
 Large Page Support: Disabled
 NUMA Support: Disabled
 Compressed Oops: Enabled (32-bit)
 Heap Region Size: 1M
 Heap Min Capacity: 8M
 Heap Initial Capacity: 126M
 Heap Max Capacity: 1994M
 Pre-touch: Disabled
 Parallel Workers: 4
 Concurrent Workers: 1
 Concurrent Refinement Workers: 4
 Periodic GC: Disabled

Heap:
 garbage-first heap   total 51200K, used 24081K [0x0000000083600000, 0x0000000100000000)
  region size 1024K, 16 young (16384K), 4 survivors (4096K)
 Metaspace       used 36643K, committed 36928K, reserved 1081344K
  class space    used 4574K, committed 4736K, reserved 1048576K

Heap Regions: E=young(eden), S=young(survivor), O=old, HS=humongous(starts), HC=humongous(continues), CS=collection set, F=free, OA=open archive, CA=closed archive, TAMS=top-at-mark-start (previous, next)
|   0|0x0000000083600000, 0x0000000083700000, 0x0000000083700000|100%|HS|  |TAMS 0x0000000083700000, 0x0000000083600000| Complete 
|   1|0x0000000083700000, 0x0000000083800000, 0x0000000083800000|100%| O|  |TAMS 0x0000000083800000, 0x0000000083700000| Untracked 
|   2|0x0000000083800000, 0x0000000083900000, 0x0000000083900000|100%| O|  |TAMS 0x0000000083900000, 0x0000000083800000| Untracked 
|   3|0x0000000083900000, 0x0000000083a00000, 0x0000000083a00000|100%| O|  |TAMS 0x0000000083a00000, 0x0000000083900000| Untracked 
|   4|0x0000000083a00000, 0x0000000083b00000, 0x0000000083b00000|100%| O|  |TAMS 0x0000000083b00000, 0x0000000083a00000| Untracked 
|   5|0x0000000083b00000, 0x0000000083c00000, 0x0000000083c00000|100%| O|  |TAMS 0x0000000083c00000, 0x0000000083b00000| Untracked 
|   6|0x0000000083c00000, 0x0000000083c00000, 0x0000000083d00000|  0%| F|  |TAMS 0x0000000083c00000, 0x0000000083c00000| Untracked 
|   7|0x0000000083d00000, 0x0000000083e00000, 0x0000000083e00000|100%| O|  |TAMS 0x0000000083e00000, 0x0000000083d00000| Untracked 
|   8|0x0000000083e00000, 0x0000000083f00000, 0x0000000083f00000|100%| O|  |TAMS 0x0000000083f00000, 0x0000000083e00000| Untracked 
|   9|0x0000000083f00000, 0x0000000083f00000, 0x0000000084000000|  0%| F|  |TAMS 0x0000000083f00000, 0x0000000083f00000| Untracked 
|  10|0x0000000084000000, 0x0000000084000000, 0x0000000084100000|  0%| F|  |TAMS 0x0000000084000000, 0x0000000084000000| Untracked 
|  11|0x0000000084100000, 0x0000000084100000, 0x0000000084200000|  0%| F|  |TAMS 0x0000000084100000, 0x0000000084100000| Untracked 
|  12|0x0000000084200000, 0x0000000084200000, 0x0000000084300000|  0%| F|  |TAMS 0x0000000084200000, 0x0000000084200000| Untracked 
|  13|0x0000000084300000, 0x0000000084400000, 0x0000000084400000|100%| O|  |TAMS 0x0000000084400000, 0x0000000084300000| Untracked 
|  14|0x0000000084400000, 0x000000008446d000, 0x0000000084500000| 42%| O|  |TAMS 0x000000008446d000, 0x0000000084400000| Complete 
|  15|0x0000000084500000, 0x0000000084500000, 0x0000000084600000|  0%| F|  |TAMS 0x0000000084500000, 0x0000000084500000| Untracked 
|  16|0x0000000084600000, 0x0000000084600000, 0x0000000084700000|  0%| F|  |TAMS 0x0000000084600000, 0x0000000084600000| Untracked 
|  17|0x0000000084700000, 0x0000000084700000, 0x0000000084800000|  0%| F|  |TAMS 0x0000000084700000, 0x0000000084700000| Untracked 
|  18|0x0000000084800000, 0x0000000084800000, 0x0000000084900000|  0%| F|  |TAMS 0x0000000084800000, 0x0000000084800000| Untracked 
|  19|0x0000000084900000, 0x0000000084900000, 0x0000000084a00000|  0%| F|  |TAMS 0x0000000084900000, 0x0000000084900000| Untracked 
|  20|0x0000000084a00000, 0x0000000084a00000, 0x0000000084b00000|  0%| F|  |TAMS 0x0000000084a00000, 0x0000000084a00000| Untracked 
|  21|0x0000000084b00000, 0x0000000084b00000, 0x0000000084c00000|  0%| F|  |TAMS 0x0000000084b00000, 0x0000000084b00000| Untracked 
|  22|0x0000000084c00000, 0x0000000084c00000, 0x0000000084d00000|  0%| F|  |TAMS 0x0000000084c00000, 0x0000000084c00000| Untracked 
|  23|0x0000000084d00000, 0x0000000084d00000, 0x0000000084e00000|  0%| F|  |TAMS 0x0000000084d00000, 0x0000000084d00000| Untracked 
|  24|0x0000000084e00000, 0x0000000084e00000, 0x0000000084f00000|  0%| F|  |TAMS 0x0000000084e00000, 0x0000000084e00000| Untracked 
|  25|0x0000000084f00000, 0x0000000084f00000, 0x0000000085000000|  0%| F|  |TAMS 0x0000000084f00000, 0x0000000084f00000| Untracked 
|  26|0x0000000085000000, 0x0000000085000000, 0x0000000085100000|  0%| F|  |TAMS 0x0000000085000000, 0x0000000085000000| Untracked 
|  27|0x0000000085100000, 0x0000000085100000, 0x0000000085200000|  0%| F|  |TAMS 0x0000000085100000, 0x0000000085100000| Untracked 
|  28|0x0000000085200000, 0x0000000085200000, 0x0000000085300000|  0%| F|  |TAMS 0x0000000085200000, 0x0000000085200000| Untracked 
|  29|0x0000000085300000, 0x0000000085300000, 0x0000000085400000|  0%| F|  |TAMS 0x0000000085300000, 0x0000000085300000| Untracked 
|  30|0x0000000085400000, 0x0000000085400000, 0x0000000085500000|  0%| F|  |TAMS 0x0000000085400000, 0x0000000085400000| Untracked 
|  31|0x0000000085500000, 0x0000000085500000, 0x0000000085600000|  0%| F|  |TAMS 0x0000000085500000, 0x0000000085500000| Untracked 
|  32|0x0000000085600000, 0x0000000085600000, 0x0000000085700000|  0%| F|  |TAMS 0x0000000085600000, 0x0000000085600000| Untracked 
|  33|0x0000000085700000, 0x00000000857175c8, 0x0000000085800000|  9%| S|CS|TAMS 0x0000000085700000, 0x0000000085700000| Complete 
|  34|0x0000000085800000, 0x0000000085900000, 0x0000000085900000|100%| S|CS|TAMS 0x0000000085800000, 0x0000000085800000| Complete 
|  35|0x0000000085900000, 0x0000000085a00000, 0x0000000085a00000|100%| S|CS|TAMS 0x0000000085900000, 0x0000000085900000| Complete 
|  36|0x0000000085a00000, 0x0000000085b00000, 0x0000000085b00000|100%| S|CS|TAMS 0x0000000085a00000, 0x0000000085a00000| Complete 
|  37|0x0000000085b00000, 0x0000000085b00000, 0x0000000085c00000|  0%| F|  |TAMS 0x0000000085b00000, 0x0000000085b00000| Untracked 
|  38|0x0000000085c00000, 0x0000000085ce6e70, 0x0000000085d00000| 90%| E|  |TAMS 0x0000000085c00000, 0x0000000085c00000| Complete 
|  39|0x0000000085d00000, 0x0000000085e00000, 0x0000000085e00000|100%| E|CS|TAMS 0x0000000085d00000, 0x0000000085d00000| Complete 
|  40|0x0000000085e00000, 0x0000000085f00000, 0x0000000085f00000|100%| E|CS|TAMS 0x0000000085e00000, 0x0000000085e00000| Complete 
|  41|0x0000000085f00000, 0x0000000086000000, 0x0000000086000000|100%| E|CS|TAMS 0x0000000085f00000, 0x0000000085f00000| Complete 
|  42|0x0000000086000000, 0x0000000086100000, 0x0000000086100000|100%| E|CS|TAMS 0x0000000086000000, 0x0000000086000000| Complete 
|  43|0x0000000086100000, 0x0000000086200000, 0x0000000086200000|100%| E|CS|TAMS 0x0000000086100000, 0x0000000086100000| Complete 
|  44|0x0000000086200000, 0x0000000086300000, 0x0000000086300000|100%| E|CS|TAMS 0x0000000086200000, 0x0000000086200000| Complete 
|  45|0x0000000086300000, 0x0000000086400000, 0x0000000086400000|100%| E|CS|TAMS 0x0000000086300000, 0x0000000086300000| Complete 
|  46|0x0000000086400000, 0x0000000086500000, 0x0000000086500000|100%| E|CS|TAMS 0x0000000086400000, 0x0000000086400000| Complete 
|  47|0x0000000086500000, 0x0000000086600000, 0x0000000086600000|100%| E|CS|TAMS 0x0000000086500000, 0x0000000086500000| Complete 
|  48|0x0000000086600000, 0x0000000086700000, 0x0000000086700000|100%| E|CS|TAMS 0x0000000086600000, 0x0000000086600000| Complete 
| 125|0x000000008b300000, 0x000000008b400000, 0x000000008b400000|100%| E|CS|TAMS 0x000000008b300000, 0x000000008b300000| Complete 

Card table byte_map: [0x00000226628f0000,0x0000022662ce0000] _byte_map_base: 0x00000226624d5000

Marking Bits (Prev, Next): (CMBitMap*) 0x000002264feb9e90, (CMBitMap*) 0x000002264feb9ed0
 Prev Bits: [0x00000226630d0000, 0x0000022664ff8000)
 Next Bits: [0x0000022665000000, 0x0000022666f28000)

Polling page: 0x000002264de50000

Metaspace:

Usage:
  Non-class:     31.32 MB used.
      Class:      4.47 MB used.
       Both:     35.78 MB used.

Virtual space:
  Non-class space:       32.00 MB reserved,      31.44 MB ( 98%) committed,  4 nodes.
      Class space:        1.00 GB reserved,       4.62 MB ( <1%) committed,  1 nodes.
             Both:        1.03 GB reserved,      36.06 MB (  3%) committed. 

Chunk freelists:
   Non-Class:  448.00 KB
       Class:  3.41 MB
        Both:  3.84 MB

MaxMetaspaceSize: unlimited
CompressedClassSpaceSize: 1.00 GB
Initial GC threshold: 21.00 MB
Current GC threshold: 58.75 MB
CDS: off
MetaspaceReclaimPolicy: balanced
 - commit_granule_bytes: 65536.
 - commit_granule_words: 8192.
 - virtual_space_node_default_size: 1048576.
 - enlarge_chunks_in_place: 1.
 - new_chunks_are_fully_committed: 0.
 - uncommit_free_chunks: 1.
 - use_allocation_guard: 0.
 - handle_deallocations: 1.


Internal statistics:

num_allocs_failed_limit: 6.
num_arena_births: 280.
num_arena_deaths: 0.
num_vsnodes_births: 5.
num_vsnodes_deaths: 0.
num_space_committed: 577.
num_space_uncommitted: 0.
num_chunks_returned_to_freelist: 6.
num_chunks_taken_from_freelist: 1211.
num_chunk_merges: 3.
num_chunk_splits: 829.
num_chunks_enlarged: 650.
num_purges: 0.
num_inconsistent_stats: 0.

CodeHeap 'non-profiled nmethods': size=120000Kb used=1939Kb max_used=1939Kb free=118060Kb
 bounds [0x000002265afd0000, 0x000002265b240000, 0x0000022662500000]
CodeHeap 'profiled nmethods': size=120000Kb used=6714Kb max_used=6714Kb free=113285Kb
 bounds [0x0000022653500000, 0x0000022653b90000, 0x000002265aa30000]
CodeHeap 'non-nmethods': size=5760Kb used=1302Kb max_used=1377Kb free=4457Kb
 bounds [0x000002265aa30000, 0x000002265aca0000, 0x000002265afd0000]
 total_blobs=3584 nmethods=3061 adapters=434
 compilation: enabled
              stopped_count=0, restarted_count=0
 full_count=0

Compilation events (20 events):
Event: 3.027 Thread 0x00000226694523d0 nmethod 3044 0x000002265b19dd10 code [0x000002265b19dec0, 0x000002265b19e490]
Event: 3.027 Thread 0x00000226694523d0 3053       4       jdk.internal.org.objectweb.asm.SymbolTable::addConstantUtf8 (98 bytes)
Event: 3.034 Thread 0x000002266a04aeb0 3054       3       org.eclipse.jdt.launching.internal.org.objectweb.asm.ClassReader::readUtf (161 bytes)
Event: 3.035 Thread 0x000002266a04aeb0 nmethod 3054 0x0000022653b8a410 code [0x0000022653b8a5e0, 0x0000022653b8aa88]
Event: 3.036 Thread 0x000002266a04aeb0 3055       3       java.lang.String::hashCode (60 bytes)
Event: 3.036 Thread 0x000002266a04aeb0 nmethod 3055 0x0000022653b8ad90 code [0x0000022653b8af60, 0x0000022653b8b2d8]
Event: 3.039 Thread 0x000002266a04aeb0 3058       3       java.lang.String::compareTo (63 bytes)
Event: 3.040 Thread 0x000002266a04aeb0 nmethod 3058 0x0000022653b8b410 code [0x0000022653b8b620, 0x0000022653b8bad8]
Event: 3.041 Thread 0x000002266a04aeb0 3060       3       org.springframework.core.ResolvableType::getGenerics (171 bytes)
Event: 3.042 Thread 0x000002266a04aeb0 nmethod 3060 0x0000022653b8bc90 code [0x0000022653b8bfa0, 0x0000022653b8d878]
Event: 3.042 Thread 0x000002266a04aeb0 3059       3       java.lang.StringLatin1::compareTo (52 bytes)
Event: 3.042 Thread 0x000002266a04aeb0 nmethod 3059 0x0000022653b8df90 code [0x0000022653b8e160, 0x0000022653b8e538]
Event: 3.042 Thread 0x000002266a04aeb0 3061       3       org.springframework.core.ResolvableType::hasGenerics (14 bytes)
Event: 3.043 Thread 0x000002266a04aeb0 nmethod 3061 0x0000022653b8e710 code [0x0000022653b8e8c0, 0x0000022653b8eae8]
Event: 3.058 Thread 0x00000226694523d0 nmethod 3053 0x000002265b19e810 code [0x000002265b19ea00, 0x000002265b1a0378]
Event: 3.058 Thread 0x00000226694523d0 3056 %     4       jdk.internal.org.objectweb.asm.ClassReader::readUtf @ 18 (161 bytes)
Event: 3.068 Thread 0x00000226694523d0 nmethod 3056% 0x000002265b1a0f10 code [0x000002265b1a10c0, 0x000002265b1a1cd8]
Event: 3.068 Thread 0x00000226694523d0 3057       4       java.util.LinkedHashMap::newNode (23 bytes)
Event: 3.071 Thread 0x00000226694523d0 nmethod 3057 0x000002265b1a2210 code [0x000002265b1a23a0, 0x000002265b1a27f8]
Event: 3.336 Thread 0x000002266a303920 nmethod 2873 0x000002265b1a2910 code [0x000002265b1a2fa0, 0x000002265b1ada20]

GC Heap History (20 events):
Event: 0.695 GC heap before
{Heap before GC invocations=1 (full 0):
 garbage-first heap   total 129024K, used 18783K [0x0000000083600000, 0x0000000100000000)
  region size 1024K, 14 young (14336K), 2 survivors (2048K)
 Metaspace       used 12855K, committed 12928K, reserved 1064960K
  class space    used 1184K, committed 1216K, reserved 1048576K
}
Event: 0.697 GC heap after
{Heap after GC invocations=2 (full 0):
 garbage-first heap   total 129024K, used 6777K [0x0000000083600000, 0x0000000100000000)
  region size 1024K, 1 young (1024K), 1 survivors (1024K)
 Metaspace       used 12855K, committed 12928K, reserved 1064960K
  class space    used 1184K, committed 1216K, reserved 1048576K
}
Event: 1.010 GC heap before
{Heap before GC invocations=2 (full 0):
 garbage-first heap   total 129024K, used 34425K [0x0000000083600000, 0x0000000100000000)
  region size 1024K, 28 young (28672K), 1 survivors (1024K)
 Metaspace       used 17133K, committed 17344K, reserved 1064960K
  class space    used 1757K, committed 1856K, reserved 1048576K
}
Event: 1.012 GC heap after
{Heap after GC invocations=3 (full 0):
 garbage-first heap   total 129024K, used 7954K [0x0000000083600000, 0x0000000100000000)
  region size 1024K, 2 young (2048K), 2 survivors (2048K)
 Metaspace       used 17133K, committed 17344K, reserved 1064960K
  class space    used 1757K, committed 1856K, reserved 1048576K
}
Event: 1.410 GC heap before
{Heap before GC invocations=3 (full 0):
 garbage-first heap   total 129024K, used 47890K [0x0000000083600000, 0x0000000100000000)
  region size 1024K, 42 young (43008K), 2 survivors (2048K)
 Metaspace       used 21334K, committed 21504K, reserved 1073152K
  class space    used 2321K, committed 2432K, reserved 1048576K
}
Event: 1.415 GC heap after
{Heap after GC invocations=4 (full 0):
 garbage-first heap   total 129024K, used 9075K [0x0000000083600000, 0x0000000100000000)
  region size 1024K, 3 young (3072K), 3 survivors (3072K)
 Metaspace       used 21334K, committed 21504K, reserved 1073152K
  class space    used 2321K, committed 2432K, reserved 1048576K
}
Event: 1.688 GC heap before
{Heap before GC invocations=5 (full 0):
 garbage-first heap   total 37888K, used 29555K [0x0000000083600000, 0x0000000100000000)
  region size 1024K, 24 young (24576K), 3 survivors (3072K)
 Metaspace       used 23420K, committed 23680K, reserved 1073152K
  class space    used 2609K, committed 2752K, reserved 1048576K
}
Event: 1.693 GC heap after
{Heap after GC invocations=6 (full 0):
 garbage-first heap   total 37888K, used 9835K [0x0000000083600000, 0x0000000100000000)
  region size 1024K, 4 young (4096K), 4 survivors (4096K)
 Metaspace       used 23420K, committed 23680K, reserved 1073152K
  class space    used 2609K, committed 2752K, reserved 1048576K
}
Event: 1.700 GC heap before
{Heap before GC invocations=6 (full 0):
 garbage-first heap   total 37888K, used 10859K [0x0000000083600000, 0x0000000100000000)
  region size 1024K, 5 young (5120K), 4 survivors (4096K)
 Metaspace       used 23502K, committed 23744K, reserved 1073152K
  class space    used 2619K, committed 2752K, reserved 1048576K
}
Event: 1.705 GC heap after
{Heap after GC invocations=7 (full 0):
 garbage-first heap   total 37888K, used 10118K [0x0000000083600000, 0x0000000100000000)
  region size 1024K, 1 young (1024K), 1 survivors (1024K)
 Metaspace       used 23502K, committed 23744K, reserved 1073152K
  class space    used 2619K, committed 2752K, reserved 1048576K
}
Event: 1.793 GC heap before
{Heap before GC invocations=7 (full 0):
 garbage-first heap   total 37888K, used 24454K [0x0000000083600000, 0x0000000100000000)
  region size 1024K, 16 young (16384K), 1 survivors (1024K)
 Metaspace       used 25014K, committed 25280K, reserved 1073152K
  class space    used 2771K, committed 2880K, reserved 1048576K
}
Event: 1.793 GC heap after
{Heap after GC invocations=8 (full 0):
 garbage-first heap   total 37888K, used 9972K [0x0000000083600000, 0x0000000100000000)
  region size 1024K, 1 young (1024K), 1 survivors (1024K)
 Metaspace       used 25014K, committed 25280K, reserved 1073152K
  class space    used 2771K, committed 2880K, reserved 1048576K
}
Event: 1.939 GC heap before
{Heap before GC invocations=8 (full 0):
 garbage-first heap   total 37888K, used 25332K [0x0000000083600000, 0x0000000100000000)
  region size 1024K, 17 young (17408K), 1 survivors (1024K)
 Metaspace       used 27003K, committed 27264K, reserved 1081344K
  class space    used 3008K, committed 3136K, reserved 1048576K
}
Event: 1.940 GC heap after
{Heap after GC invocations=9 (full 0):
 garbage-first heap   total 37888K, used 10773K [0x0000000083600000, 0x0000000100000000)
  region size 1024K, 2 young (2048K), 2 survivors (2048K)
 Metaspace       used 27003K, committed 27264K, reserved 1081344K
  class space    used 3008K, committed 3136K, reserved 1048576K
}
Event: 2.013 GC heap before
{Heap before GC invocations=9 (full 0):
 garbage-first heap   total 37888K, used 26133K [0x0000000083600000, 0x0000000100000000)
  region size 1024K, 18 young (18432K), 2 survivors (2048K)
 Metaspace       used 28650K, committed 28800K, reserved 1081344K
  class space    used 3204K, committed 3264K, reserved 1048576K
}
Event: 2.015 GC heap after
{Heap after GC invocations=10 (full 0):
 garbage-first heap   total 75776K, used 11071K [0x0000000083600000, 0x0000000100000000)
  region size 1024K, 2 young (2048K), 2 survivors (2048K)
 Metaspace       used 28650K, committed 28800K, reserved 1081344K
  class space    used 3204K, committed 3264K, reserved 1048576K
}
Event: 2.471 GC heap before
{Heap before GC invocations=10 (full 0):
 garbage-first heap   total 75776K, used 54079K [0x0000000083600000, 0x0000000100000000)
  region size 1024K, 44 young (45056K), 2 survivors (2048K)
 Metaspace       used 32711K, committed 32960K, reserved 1081344K
  class space    used 3854K, committed 3968K, reserved 1048576K
}
Event: 2.475 GC heap after
{Heap after GC invocations=11 (full 0):
 garbage-first heap   total 75776K, used 11939K [0x0000000083600000, 0x0000000100000000)
  region size 1024K, 3 young (3072K), 3 survivors (3072K)
 Metaspace       used 32711K, committed 32960K, reserved 1081344K
  class space    used 3854K, committed 3968K, reserved 1048576K
}
Event: 2.823 GC heap before
{Heap before GC invocations=11 (full 0):
 garbage-first heap   total 75776K, used 47779K [0x0000000083600000, 0x0000000100000000)
  region size 1024K, 40 young (40960K), 3 survivors (3072K)
 Metaspace       used 35725K, committed 35968K, reserved 1081344K
  class space    used 4398K, committed 4544K, reserved 1048576K
}
Event: 2.827 GC heap after
{Heap after GC invocations=12 (full 0):
 garbage-first heap   total 75776K, used 12817K [0x0000000083600000, 0x0000000100000000)
  region size 1024K, 4 young (4096K), 4 survivors (4096K)
 Metaspace       used 35725K, committed 35968K, reserved 1081344K
  class space    used 4398K, committed 4544K, reserved 1048576K
}

Dll operation events (10 events):
Event: 0.013 Loaded shared library C:\softwers\eclipse-jee-2023-03-R-win32-x86_64\eclipse\plugins\org.eclipse.justj.openjdk.hotspot.jre.full.win32.x86_64_17.0.6.v20230204-1729\jre\bin\java.dll
Event: 0.276 Loaded shared library C:\softwers\eclipse-jee-2023-03-R-win32-x86_64\eclipse\plugins\org.eclipse.justj.openjdk.hotspot.jre.full.win32.x86_64_17.0.6.v20230204-1729\jre\bin\zip.dll
Event: 0.279 Loaded shared library C:\softwers\eclipse-jee-2023-03-R-win32-x86_64\eclipse\plugins\org.eclipse.justj.openjdk.hotspot.jre.full.win32.x86_64_17.0.6.v20230204-1729\jre\bin\instrument.dll
Event: 0.291 Loaded shared library C:\softwers\eclipse-jee-2023-03-R-win32-x86_64\eclipse\plugins\org.eclipse.justj.openjdk.hotspot.jre.full.win32.x86_64_17.0.6.v20230204-1729\jre\bin\net.dll
Event: 0.293 Loaded shared library C:\softwers\eclipse-jee-2023-03-R-win32-x86_64\eclipse\plugins\org.eclipse.justj.openjdk.hotspot.jre.full.win32.x86_64_17.0.6.v20230204-1729\jre\bin\nio.dll
Event: 0.300 Loaded shared library C:\softwers\eclipse-jee-2023-03-R-win32-x86_64\eclipse\plugins\org.eclipse.justj.openjdk.hotspot.jre.full.win32.x86_64_17.0.6.v20230204-1729\jre\bin\zip.dll
Event: 0.414 Loaded shared library C:\softwers\eclipse-jee-2023-03-R-win32-x86_64\eclipse\plugins\org.eclipse.justj.openjdk.hotspot.jre.full.win32.x86_64_17.0.6.v20230204-1729\jre\bin\jimage.dll
Event: 0.451 Loaded shared library C:\softwers\eclipse-jee-2023-03-R-win32-x86_64\eclipse\plugins\org.eclipse.justj.openjdk.hotspot.jre.full.win32.x86_64_17.0.6.v20230204-1729\jre\bin\verify.dll
Event: 2.044 Loaded shared library C:\softwers\eclipse-jee-2023-03-R-win32-x86_64\eclipse\plugins\org.eclipse.justj.openjdk.hotspot.jre.full.win32.x86_64_17.0.6.v20230204-1729\jre\bin\management.dll
Event: 2.047 Loaded shared library C:\softwers\eclipse-jee-2023-03-R-win32-x86_64\eclipse\plugins\org.eclipse.justj.openjdk.hotspot.jre.full.win32.x86_64_17.0.6.v20230204-1729\jre\bin\management_ext.dll

Deoptimization events (20 events):
Event: 2.995 Thread 0x000002264fe5e210 DEOPT PACKING pc=0x0000022653a60aec sp=0x0000005a338fbfc0
Event: 2.995 Thread 0x000002264fe5e210 DEOPT UNPACKING pc=0x000002265aa8ace3 sp=0x0000005a338fb490 mode 1
Event: 2.999 Thread 0x000002264fe5e210 DEOPT PACKING pc=0x0000022653a6fe44 sp=0x0000005a338fc670
Event: 2.999 Thread 0x000002264fe5e210 DEOPT UNPACKING pc=0x000002265aa8ace3 sp=0x0000005a338fbbd8 mode 1
Event: 3.034 Thread 0x000002264fe5e210 Uncommon trap: trap_request=0xffffff45 fr.pc=0x000002265b00aa70 relative=0x00000000000008b0
Event: 3.034 Thread 0x000002264fe5e210 Uncommon trap: reason=unstable_if action=reinterpret pc=0x000002265b00aa70 method=org.eclipse.jdt.launching.internal.org.objectweb.asm.ClassReader.readUtf(II[C)Ljava/lang/String; @ 41 c2
Event: 3.034 Thread 0x000002264fe5e210 DEOPT PACKING pc=0x000002265b00aa70 sp=0x0000005a338fa3a0
Event: 3.034 Thread 0x000002264fe5e210 DEOPT UNPACKING pc=0x000002265aa8a1a3 sp=0x0000005a338fa388 mode 2
Event: 3.034 Thread 0x000002264fe5e210 Uncommon trap: trap_request=0xffffff45 fr.pc=0x000002265b0a4b2c relative=0x0000000000009b2c
Event: 3.034 Thread 0x000002264fe5e210 Uncommon trap: reason=unstable_if action=reinterpret pc=0x000002265b0a4b2c method=java.lang.String.hashCode()I @ 20 c2
Event: 3.034 Thread 0x000002264fe5e210 DEOPT PACKING pc=0x000002265b0a4b2c sp=0x0000005a338fa460
Event: 3.034 Thread 0x000002264fe5e210 DEOPT UNPACKING pc=0x000002265aa8a1a3 sp=0x0000005a338fa320 mode 2
Event: 3.035 Thread 0x000002264fe5e210 Uncommon trap: trap_request=0xffffff45 fr.pc=0x000002265b04b6ac relative=0x000000000000058c
Event: 3.035 Thread 0x000002264fe5e210 Uncommon trap: reason=unstable_if action=reinterpret pc=0x000002265b04b6ac method=java.lang.String.hashCode()I @ 20 c2
Event: 3.035 Thread 0x000002264fe5e210 DEOPT PACKING pc=0x000002265b04b6ac sp=0x0000005a338fa410
Event: 3.035 Thread 0x000002264fe5e210 DEOPT UNPACKING pc=0x000002265aa8a1a3 sp=0x0000005a338fa310 mode 2
Event: 3.035 Thread 0x000002264fe5e210 Uncommon trap: trap_request=0xffffff45 fr.pc=0x000002265afda5b0 relative=0x00000000000001b0
Event: 3.035 Thread 0x000002264fe5e210 Uncommon trap: reason=unstable_if action=reinterpret pc=0x000002265afda5b0 method=java.lang.String.isLatin1()Z @ 10 c2
Event: 3.035 Thread 0x000002264fe5e210 DEOPT PACKING pc=0x000002265afda5b0 sp=0x0000005a338fa3a0
Event: 3.035 Thread 0x000002264fe5e210 DEOPT UNPACKING pc=0x000002265aa8a1a3 sp=0x0000005a338fa2d0 mode 2

Classes unloaded (0 events):
No events

Classes redefined (2 events):
Event: 23.677 Thread 0x00000226694274e0 redefined class name=com.it.testCases.Test_UserDeatils, count=1
Event: 55.257 Thread 0x00000226694274e0 redefined class name=com.it.testCases.Test_UserDeatils, count=2

Internal exceptions (20 events):
Event: 1.588 Thread 0x000002264fe5e210 Exception <a 'java/lang/IncompatibleClassChangeError'{0x0000000084ca1770}: Found class java.lang.Object, but interface was expected> (0x0000000084ca1770) 
thrown [s\src\hotspot\share\interpreter\linkResolver.cpp, line 826]
Event: 1.612 Thread 0x000002266ed33910 Exception <a 'java/lang/NoClassDefFoundError'{0x0000000084b9f878}: jakarta/validation/Validation> (0x0000000084b9f878) 
thrown [s\src\hotspot\share\classfile\systemDictionary.cpp, line 245]
Event: 1.773 Thread 0x000002266ed33910 Implicit null exception at 0x000002265b04e8c8 to 0x000002265b04e9c4
Event: 2.030 Thread 0x000002264fe5e210 Exception <a 'java/lang/NoSuchMethodError'{0x00000000888ff1d8}: 'java.lang.Object java.lang.invoke.DirectMethodHandle$Holder.newInvokeSpecial(java.lang.Object, java.lang.Object, int, java.lang.Object, java.lang.Object)'> (0x00000000888ff1d8) 
thrown [s\src\hotspot\share\interpreter\linkResolver.cpp, line 759]
Event: 2.031 Thread 0x000002264fe5e210 Exception <a 'java/lang/NoSuchMethodError'{0x0000000088725a78}: 'java.lang.Object java.lang.invoke.DirectMethodHandle$Holder.invokeSpecial(java.lang.Object, java.lang.Object, int, java.lang.Object, int, java.lang.Object)'> (0x0000000088725a78) 
thrown [s\src\hotspot\share\interpreter\linkResolver.cpp, line 759]
Event: 2.032 Thread 0x000002264fe5e210 Exception <a 'java/lang/NoSuchMethodError'{0x000000008872e078}: 'java.lang.Object java.lang.invoke.DirectMethodHandle$Holder.newInvokeSpecial(java.lang.Object, java.lang.Object, int, java.lang.Object, int)'> (0x000000008872e078) 
thrown [s\src\hotspot\share\interpreter\linkResolver.cpp, line 759]
Event: 2.032 Thread 0x000002264fe5e210 Exception <a 'java/lang/NoSuchMethodError'{0x00000000887326c8}: 'java.lang.Object java.lang.invoke.DirectMethodHandle$Holder.invokeSpecial(java.lang.Object, java.lang.Object, java.lang.Object, int, java.lang.Object, int)'> (0x00000000887326c8) 
thrown [s\src\hotspot\share\interpreter\linkResolver.cpp, line 759]
Event: 2.034 Thread 0x000002264fe5e210 Exception <a 'java/lang/NoSuchMethodError'{0x0000000088741280}: 'void java.lang.invoke.DirectMethodHandle$Holder.invokeVirtual(java.lang.Object, java.lang.Object)'> (0x0000000088741280) 
thrown [s\src\hotspot\share\interpreter\linkResolver.cpp, line 759]
Event: 2.120 Thread 0x000002266ed33910 Exception <a 'java/lang/NoSuchMethodError'{0x0000000086e69598}: 'long java.lang.invoke.DirectMethodHandle$Holder.invokeSpecial(java.lang.Object, java.lang.Object)'> (0x0000000086e69598) 
thrown [s\src\hotspot\share\interpreter\linkResolver.cpp, line 759]
Event: 2.121 Thread 0x000002266ed33910 Exception <a 'java/lang/NoSuchMethodError'{0x0000000086e74708}: 'long java.lang.invoke.DirectMethodHandle$Holder.invokeStatic(java.lang.Object, java.lang.Object)'> (0x0000000086e74708) 
thrown [s\src\hotspot\share\interpreter\linkResolver.cpp, line 759]
Event: 2.121 Thread 0x000002266ed33910 Exception <a 'java/lang/NoSuchMethodError'{0x0000000086e77d08}: 'long java.lang.invoke.DirectMethodHandle$Holder.invokeStaticInit(java.lang.Object, java.lang.Object)'> (0x0000000086e77d08) 
thrown [s\src\hotspot\share\interpreter\linkResolver.cpp, line 759]
Event: 2.122 Thread 0x000002266ed33910 Exception <a 'java/lang/NoSuchMethodError'{0x0000000086e858b0}: 'long java.lang.invoke.DirectMethodHandle$Holder.invokeInterface(java.lang.Object, java.lang.Object)'> (0x0000000086e858b0) 
thrown [s\src\hotspot\share\interpreter\linkResolver.cpp, line 759]
Event: 2.122 Thread 0x000002266ed33910 Exception <a 'java/lang/IncompatibleClassChangeError'{0x0000000086e88e40}: Found class java.lang.Object, but interface was expected> (0x0000000086e88e40) 
thrown [s\src\hotspot\share\interpreter\linkResolver.cpp, line 826]
Event: 2.133 Thread 0x000002266ed33910 Exception <a 'java/lang/NoSuchMethodError'{0x0000000086dcd818}: 'java.lang.Object java.lang.invoke.DirectMethodHandle$Holder.invokeVirtual(java.lang.Object, java.lang.Object, java.lang.Object, java.lang.Object)'> (0x0000000086dcd818) 
thrown [s\src\hotspot\share\interpreter\linkResolver.cpp, line 759]
Event: 2.633 Thread 0x000002264fe5e210 Exception <a 'java/lang/NoSuchMethodError'{0x000000008703dc08}: 'int java.lang.invoke.DirectMethodHandle$Holder.invokeStaticInit(java.lang.Object, java.lang.Object, java.lang.Object, java.lang.Object)'> (0x000000008703dc08) 
thrown [s\src\hotspot\share\interpreter\linkResolver.cpp, line 759]
Event: 2.633 Thread 0x000002264fe5e210 Exception <a 'java/lang/IncompatibleClassChangeError'{0x0000000087047280}: Found class java.lang.Object, but interface was expected> (0x0000000087047280) 
thrown [s\src\hotspot\share\interpreter\linkResolver.cpp, line 826]
Event: 2.694 Thread 0x000002264fe5e210 Exception <a 'java/lang/ClassNotFoundException'{0x00000000869210a8}: java/lang/ClassLoader$ByteBuddyAccessor$V1> (0x00000000869210a8) 
thrown [s\src\hotspot\share\classfile\systemDictionary.cpp, line 256]
Event: 3.016 Thread 0x000002264fe5e210 Exception <a 'java/lang/NoSuchMethodError'{0x0000000085d58440}: 'java.lang.Object java.lang.invoke.DirectMethodHandle$Holder.newInvokeSpecial(java.lang.Object, java.lang.Object, java.lang.Object, java.lang.Object, int)'> (0x0000000085d58440) 
thrown [s\src\hotspot\share\interpreter\linkResolver.cpp, line 759]
Event: 3.016 Thread 0x000002264fe5e210 Exception <a 'java/lang/NoSuchMethodError'{0x0000000085d5cb18}: 'java.lang.Object java.lang.invoke.DirectMethodHandle$Holder.invokeSpecial(java.lang.Object, java.lang.Object, java.lang.Object, java.lang.Object, java.lang.Object, int)'> (0x0000000085d5cb18) 
thrown [s\src\hotspot\share\interpreter\linkResolver.cpp, line 759]
Event: 3.018 Thread 0x000002264fe5e210 Exception <a 'java/lang/NoSuchMethodError'{0x0000000085d608a8}: 'java.lang.Object java.lang.invoke.Invokers$Holder.linkToTargetMethod(java.lang.Object, java.lang.Object, java.lang.Object, int, java.lang.Object)'> (0x0000000085d608a8) 
thrown [s\src\hotspot\share\interpreter\linkResolver.cpp, line 759]

VM Operations (20 events):
Event: 23.776 Executing VM operation: get/set locals done
Event: 23.776 Executing VM operation: get/set locals
Event: 23.776 Executing VM operation: get/set locals done
Event: 23.777 Executing VM operation: get/set locals
Event: 23.777 Executing VM operation: get/set locals done
Event: 23.777 Executing VM operation: get/set locals
Event: 23.777 Executing VM operation: get/set locals done
Event: 23.777 Executing VM operation: get/set locals
Event: 23.777 Executing VM operation: get/set locals done
Event: 26.246 Executing VM operation: get/set locals
Event: 26.246 Executing VM operation: get/set locals done
Event: 41.662 Executing VM operation: get/set locals
Event: 41.662 Executing VM operation: get/set locals done
Event: 55.252 Executing VM operation: RedefineClasses
Event: 55.264 Executing VM operation: RedefineClasses done
Event: 55.271 Executing VM operation: ChangeBreakpoints
Event: 55.272 Executing VM operation: ChangeBreakpoints done
Event: 55.280 Executing VM operation: ChangeBreakpoints
Event: 55.282 Executing VM operation: ChangeBreakpoints done
Event: 55.349 Executing VM operation: get/set locals

Events (20 events):
Event: 2.687 loading class jdk/internal/loader/BootLoader$PackageHelper done
Event: 2.694 loading class java/lang/ClassLoader$ByteBuddyAccessor$V1
Event: 2.694 loading class java/lang/ClassLoader$ByteBuddyAccessor$V1 done
Event: 2.756 loading class java/io/FileWriter
Event: 2.756 loading class java/io/FileWriter done
Event: 2.797 loading class jdk/internal/vm/annotation/IntrinsicCandidate
Event: 2.797 loading class jdk/internal/vm/annotation/IntrinsicCandidate done
Event: 2.811 loading class sun/reflect/generics/tree/LongSignature
Event: 2.811 loading class sun/reflect/generics/tree/LongSignature done
Event: 2.875 loading class java/security/PrivilegedActionException
Event: 2.875 loading class java/security/PrivilegedActionException done
Event: 2.975 loading class sun/reflect/ReflectionFactory
Event: 2.976 loading class sun/reflect/ReflectionFactory done
Event: 2.976 loading class sun/reflect/ReflectionFactory$1
Event: 2.976 loading class sun/reflect/ReflectionFactory$1 done
Event: 2.976 loading class java/io/OptionalDataException
Event: 2.976 loading class java/io/OptionalDataException done
Event: 2.995 loading class sun/misc/SharedSecrets
Event: 2.995 loading class sun/misc/SharedSecrets done
Event: 8.337 Thread 0x000002266a303920 Thread exited: 0x000002266a303920


Dynamic libraries:
0x00007ff765cf0000 - 0x00007ff765cfe000 	C:\softwers\eclipse-jee-2023-03-R-win32-x86_64\eclipse\plugins\org.eclipse.justj.openjdk.hotspot.jre.full.win32.x86_64_17.0.6.v20230204-1729\jre\bin\javaw.exe
0x00007ff932fd0000 - 0x00007ff9331e4000 	C:\WINDOWS\SYSTEM32\ntdll.dll
0x00007ff931ce0000 - 0x00007ff931da2000 	C:\WINDOWS\System32\KERNEL32.DLL
0x00007ff9304b0000 - 0x00007ff930853000 	C:\WINDOWS\System32\KERNELBASE.dll
0x00007ff930c40000 - 0x00007ff930d51000 	C:\WINDOWS\System32\ucrtbase.dll
0x00007ff918ec0000 - 0x00007ff918ed7000 	C:\softwers\eclipse-jee-2023-03-R-win32-x86_64\eclipse\plugins\org.eclipse.justj.openjdk.hotspot.jre.full.win32.x86_64_17.0.6.v20230204-1729\jre\bin\jli.dll
0x00007ff932680000 - 0x00007ff93282b000 	C:\WINDOWS\System32\USER32.dll
0x00007ff930860000 - 0x00007ff930886000 	C:\WINDOWS\System32\win32u.dll
0x00007ff930e50000 - 0x00007ff930e79000 	C:\WINDOWS\System32\GDI32.dll
0x00007ff9309b0000 - 0x00007ff930ac8000 	C:\WINDOWS\System32\gdi32full.dll
0x00007ff930890000 - 0x00007ff93092a000 	C:\WINDOWS\System32\msvcp_win.dll
0x00007ff90b0b0000 - 0x00007ff90b0c9000 	C:\softwers\eclipse-jee-2023-03-R-win32-x86_64\eclipse\plugins\org.eclipse.justj.openjdk.hotspot.jre.full.win32.x86_64_17.0.6.v20230204-1729\jre\bin\VCRUNTIME140.dll
0x00007ff9131b0000 - 0x00007ff91343e000 	C:\WINDOWS\WinSxS\amd64_microsoft.windows.common-controls_6595b64144ccf1df_6.0.22621.1635_none_270f70857386168e\COMCTL32.dll
0x00007ff931740000 - 0x00007ff9317e7000 	C:\WINDOWS\System32\msvcrt.dll
0x00007ff9328e0000 - 0x00007ff932911000 	C:\WINDOWS\System32\IMM32.DLL
0x00007ff91b800000 - 0x00007ff91b80c000 	C:\softwers\eclipse-jee-2023-03-R-win32-x86_64\eclipse\plugins\org.eclipse.justj.openjdk.hotspot.jre.full.win32.x86_64_17.0.6.v20230204-1729\jre\bin\vcruntime140_1.dll
0x00007ff8f0c80000 - 0x00007ff8f0d11000 	C:\softwers\eclipse-jee-2023-03-R-win32-x86_64\eclipse\plugins\org.eclipse.justj.openjdk.hotspot.jre.full.win32.x86_64_17.0.6.v20230204-1729\jre\bin\msvcp140.dll
0x00007ff8a1e50000 - 0x00007ff8a2a97000 	C:\softwers\eclipse-jee-2023-03-R-win32-x86_64\eclipse\plugins\org.eclipse.justj.openjdk.hotspot.jre.full.win32.x86_64_17.0.6.v20230204-1729\jre\bin\server\jvm.dll
0x00007ff931b30000 - 0x00007ff931bde000 	C:\WINDOWS\System32\ADVAPI32.dll
0x00007ff932830000 - 0x00007ff9328d4000 	C:\WINDOWS\System32\sechost.dll
0x00007ff931a10000 - 0x00007ff931b27000 	C:\WINDOWS\System32\RPCRT4.dll
0x00007ff91d6f0000 - 0x00007ff91d6f9000 	C:\WINDOWS\SYSTEM32\WSOCK32.dll
0x00007ff931990000 - 0x00007ff931a01000 	C:\WINDOWS\System32\WS2_32.dll
0x00007ff91d5b0000 - 0x00007ff91d5e4000 	C:\WINDOWS\SYSTEM32\WINMM.dll
0x00007ff925fd0000 - 0x00007ff925fda000 	C:\WINDOWS\SYSTEM32\VERSION.dll
0x00007ff92f4b0000 - 0x00007ff92f4c8000 	C:\WINDOWS\SYSTEM32\kernel.appcore.dll
0x00007ff91d670000 - 0x00007ff91d67a000 	C:\softwers\eclipse-jee-2023-03-R-win32-x86_64\eclipse\plugins\org.eclipse.justj.openjdk.hotspot.jre.full.win32.x86_64_17.0.6.v20230204-1729\jre\bin\jimage.dll
0x00007ff92dbf0000 - 0x00007ff92de1e000 	C:\WINDOWS\SYSTEM32\DBGHELP.DLL
0x00007ff931f60000 - 0x00007ff9322e9000 	C:\WINDOWS\System32\combase.dll
0x00007ff932eb0000 - 0x00007ff932f87000 	C:\WINDOWS\System32\OLEAUT32.dll
0x00007ff927860000 - 0x00007ff927892000 	C:\WINDOWS\SYSTEM32\dbgcore.DLL
0x00007ff930930000 - 0x00007ff9309ab000 	C:\WINDOWS\System32\bcryptPrimitives.dll
0x00007ff91b580000 - 0x00007ff91b5bb000 	C:\softwers\eclipse-jee-2023-03-R-win32-x86_64\eclipse\plugins\org.eclipse.justj.openjdk.hotspot.jre.full.win32.x86_64_17.0.6.v20230204-1729\jre\bin\jdwp.dll
0x00007ff91d6a0000 - 0x00007ff91d6ae000 	C:\softwers\eclipse-jee-2023-03-R-win32-x86_64\eclipse\plugins\org.eclipse.justj.openjdk.hotspot.jre.full.win32.x86_64_17.0.6.v20230204-1729\jre\bin\instrument.dll
0x00007ff91b900000 - 0x00007ff91b925000 	C:\softwers\eclipse-jee-2023-03-R-win32-x86_64\eclipse\plugins\org.eclipse.justj.openjdk.hotspot.jre.full.win32.x86_64_17.0.6.v20230204-1729\jre\bin\java.dll
0x00007ff91b8e0000 - 0x00007ff91b8f8000 	C:\softwers\eclipse-jee-2023-03-R-win32-x86_64\eclipse\plugins\org.eclipse.justj.openjdk.hotspot.jre.full.win32.x86_64_17.0.6.v20230204-1729\jre\bin\zip.dll
0x00007ff930f40000 - 0x00007ff93173a000 	C:\WINDOWS\System32\SHELL32.dll
0x00007ff92e3f0000 - 0x00007ff92ecbe000 	C:\WINDOWS\SYSTEM32\windows.storage.dll
0x00007ff92e2b0000 - 0x00007ff92e3ee000 	C:\WINDOWS\SYSTEM32\wintypes.dll
0x00007ff931be0000 - 0x00007ff931cd1000 	C:\WINDOWS\System32\SHCORE.dll
0x00007ff930e80000 - 0x00007ff930ede000 	C:\WINDOWS\System32\shlwapi.dll
0x00007ff930320000 - 0x00007ff930341000 	C:\WINDOWS\SYSTEM32\profapi.dll
0x00007ff91d690000 - 0x00007ff91d69c000 	C:\softwers\eclipse-jee-2023-03-R-win32-x86_64\eclipse\plugins\org.eclipse.justj.openjdk.hotspot.jre.full.win32.x86_64_17.0.6.v20230204-1729\jre\bin\dt_socket.dll
0x00007ff92ef10000 - 0x00007ff92ef3d000 	C:\WINDOWS\SYSTEM32\IPHLPAPI.DLL
0x00007ff92f9a0000 - 0x00007ff92fa09000 	C:\WINDOWS\system32\mswsock.dll
0x00007ff92ef40000 - 0x00007ff92f033000 	C:\WINDOWS\SYSTEM32\DNSAPI.dll
0x00007ff930df0000 - 0x00007ff930df9000 	C:\WINDOWS\System32\NSI.dll
0x00007ff91d0b0000 - 0x00007ff91d0ba000 	C:\Windows\System32\rasadhlp.dll
0x00007ff91cfa0000 - 0x00007ff91d024000 	C:\WINDOWS\System32\fwpuclnt.dll
0x00007ff91b8c0000 - 0x00007ff91b8d9000 	C:\softwers\eclipse-jee-2023-03-R-win32-x86_64\eclipse\plugins\org.eclipse.justj.openjdk.hotspot.jre.full.win32.x86_64_17.0.6.v20230204-1729\jre\bin\net.dll
0x00007ff91ea60000 - 0x00007ff91eb97000 	C:\WINDOWS\SYSTEM32\WINHTTP.dll
0x00007ff91b8a0000 - 0x00007ff91b8b5000 	C:\softwers\eclipse-jee-2023-03-R-win32-x86_64\eclipse\plugins\org.eclipse.justj.openjdk.hotspot.jre.full.win32.x86_64_17.0.6.v20230204-1729\jre\bin\nio.dll
0x00007ff91d660000 - 0x00007ff91d670000 	C:\softwers\eclipse-jee-2023-03-R-win32-x86_64\eclipse\plugins\org.eclipse.justj.openjdk.hotspot.jre.full.win32.x86_64_17.0.6.v20230204-1729\jre\bin\verify.dll
0x00007ff91de70000 - 0x00007ff91de89000 	C:\WINDOWS\SYSTEM32\dhcpcsvc6.DLL
0x00007ff91de50000 - 0x00007ff91de6f000 	C:\WINDOWS\SYSTEM32\dhcpcsvc.DLL
0x00007ff90b890000 - 0x00007ff90b899000 	C:\softwers\eclipse-jee-2023-03-R-win32-x86_64\eclipse\plugins\org.eclipse.justj.openjdk.hotspot.jre.full.win32.x86_64_17.0.6.v20230204-1729\jre\bin\management.dll
0x00007ff90b750000 - 0x00007ff90b75b000 	C:\softwers\eclipse-jee-2023-03-R-win32-x86_64\eclipse\plugins\org.eclipse.justj.openjdk.hotspot.jre.full.win32.x86_64_17.0.6.v20230204-1729\jre\bin\management_ext.dll
0x00007ff9322f0000 - 0x00007ff9322f8000 	C:\WINDOWS\System32\PSAPI.DLL

dbghelp: loaded successfully - version: 4.0.5 - missing functions: none
symbol engine: initialized successfully - sym options: 0x614 - pdb path: .;C:\softwers\eclipse-jee-2023-03-R-win32-x86_64\eclipse\plugins\org.eclipse.justj.openjdk.hotspot.jre.full.win32.x86_64_17.0.6.v20230204-1729\jre\bin;C:\WINDOWS\SYSTEM32;C:\WINDOWS\WinSxS\amd64_microsoft.windows.common-controls_6595b64144ccf1df_6.0.22621.1635_none_270f70857386168e;C:\softwers\eclipse-jee-2023-03-R-win32-x86_64\eclipse\plugins\org.eclipse.justj.openjdk.hotspot.jre.full.win32.x86_64_17.0.6.v20230204-1729\jre\bin\server

VM Arguments:
jvm_args: -XX:+ShowCodeDetailsInExceptionMessages -agentlib:jdwp=transport=dt_socket,suspend=y,address=localhost:56585 -ea -javaagent:C:\softwers\eclipse-jee-2023-03-R-win32-x86_64\eclipse\configuration\org.eclipse.osgi\424\0\.cp\lib\javaagent-shaded.jar -Dfile.encoding=UTF-8 
java_command: org.eclipse.jdt.internal.junit.runner.RemoteTestRunner -version 3 -port 56584 -testLoaderClass org.eclipse.jdt.internal.junit5.runner.JUnit5TestLoader -loaderpluginname org.eclipse.jdt.junit5.runtime -classNames com.it.testCases.Test_UserDeatils
java_class_path (initial): C:\ModulesWorkSpace\UserDetails1\target\test-classes;C:\ModulesWorkSpace\UserDetails1\target\classes;C:\Users\girish\.m2\repository\org\springframework\boot\spring-boot-starter-data-jpa\3.1.1\spring-boot-starter-data-jpa-3.1.1.jar;C:\Users\girish\.m2\repository\org\springframework\boot\spring-boot-starter-aop\3.1.1\spring-boot-starter-aop-3.1.1.jar;C:\Users\girish\.m2\repository\org\springframework\spring-aop\6.0.10\spring-aop-6.0.10.jar;C:\Users\girish\.m2\repository\org\aspectj\aspectjweaver\1.9.19\aspectjweaver-1.9.19.jar;C:\Users\girish\.m2\repository\org\springframework\boot\spring-boot-starter-jdbc\3.1.1\spring-boot-starter-jdbc-3.1.1.jar;C:\Users\girish\.m2\repository\com\zaxxer\HikariCP\5.0.1\HikariCP-5.0.1.jar;C:\Users\girish\.m2\repository\org\springframework\spring-jdbc\6.0.10\spring-jdbc-6.0.10.jar;C:\Users\girish\.m2\repository\org\hibernate\orm\hibernate-core\6.2.5.Final\hibernate-core-6.2.5.Final.jar;C:\Users\girish\.m2\repository\jakarta\persistence\jakarta.persistence-api\3.1.0\jakarta.persistence-api-3.1.0.jar;C:\Users\girish\.m2\repository\jakarta\transaction\jakarta.transaction-api\2.0.1\jakarta.transaction-api-2.0.1.jar;C:\Users\girish\.m2\repository\org\jboss\logging\jboss-logging\3.5.1.Final\jboss-logging-3.5.1.Final.jar;C:\Users\girish\.m2\repository\org\hibernate\common\hibernate-commons-annotations\6.0.6.Final\hibernate-commons-annotations-6.0.6.Final.jar;C:\Users\girish\.m2\repository\io\smallrye\jandex\3.0.5\jandex-3.0.5.jar;C:\Users\girish\.m2\repository\com\fasterxml\classmate\1.5.1\classmate-1.5.1.jar;C:\Users\girish\.m2\repository\org\glassfish\jaxb\jaxb-runtime\4.0.3\jaxb-runtime-4.0.3.jar;C:\Users\girish\.m2\repository\org\glassfish\jaxb\jaxb-core\4.0.3\jaxb-core-4.0.3.jar;C:\Users\girish\.m2\repository\org\eclipse\angus\angus-activation\2.0.1\angus-activation-2.0.1.jar;C:\Users\girish\.m2\repository\org\glassfish\jaxb\txw2\4.0.3\txw2-4.0.3.jar;C:\Users\girish\.m2\repository\com\sun\istack\istack-commons
Launcher Type: SUN_STANDARD

[Global flags]
     intx CICompilerCount                          = 3                                         {product} {ergonomic}
     uint ConcGCThreads                            = 1                                         {product} {ergonomic}
     uint G1ConcRefinementThreads                  = 4                                         {product} {ergonomic}
   size_t G1HeapRegionSize                         = 1048576                                   {product} {ergonomic}
    uintx GCDrainStackTargetSize                   = 64                                        {product} {ergonomic}
   size_t InitialHeapSize                          = 132120576                                 {product} {ergonomic}
   size_t MarkStackSize                            = 4194304                                   {product} {ergonomic}
   size_t MaxHeapSize                              = 2090860544                                {product} {ergonomic}
   size_t MaxNewSize                               = 1254096896                                {product} {ergonomic}
   size_t MinHeapDeltaBytes                        = 1048576                                   {product} {ergonomic}
   size_t MinHeapSize                              = 8388608                                   {product} {ergonomic}
    uintx NonNMethodCodeHeapSize                   = 5832780                                {pd product} {ergonomic}
    uintx NonProfiledCodeHeapSize                  = 122912730                              {pd product} {ergonomic}
    uintx ProfiledCodeHeapSize                     = 122912730                              {pd product} {ergonomic}
    uintx ReservedCodeCacheSize                    = 251658240                              {pd product} {ergonomic}
     bool SegmentedCodeCache                       = true                                      {product} {ergonomic}
     bool ShowCodeDetailsInExceptionMessages       = true                                   {manageable} {command line}
   size_t SoftMaxHeapSize                          = 2090860544                             {manageable} {ergonomic}
     bool UseCompressedClassPointers               = true                           {product lp64_product} {ergonomic}
     bool UseCompressedOops                        = true                           {product lp64_product} {ergonomic}
     bool UseG1GC                                  = true                                      {product} {ergonomic}
     bool UseLargePagesIndividualAllocation        = false                                  {pd product} {ergonomic}

Logging:
Log output configuration:
 #0: stdout all=warning uptime,level,tags
 #1: stderr all=off uptime,level,tags

Environment Variables:
JAVA_HOME=C:\Program Files\Java\jdk1.8.0_311
PATH=C:\softwers\eclipse-jee-2023-03-R-win32-x86_64\eclipse\plugins\org.eclipse.justj.openjdk.hotspot.jre.full.win32.x86_64_17.0.6.v20230204-1729\jre\bin;C:/softwers/eclipse-jee-2023-03-R-win32-x86_64/eclipse//plugins/org.eclipse.justj.openjdk.hotspot.jre.full.win32.x86_64_17.0.6.v20230204-1729/jre/bin/server;C:/softwers/eclipse-jee-2023-03-R-win32-x86_64/eclipse//plugins/org.eclipse.justj.openjdk.hotspot.jre.full.win32.x86_64_17.0.6.v20230204-1729/jre/bin;C:\oracle\product\10.2.0\db_1\bin;C:\Program Files (x86)\Common Files\Oracle\Java\javapath;C:\WINDOWS\system32;C:\WINDOWS;C:\WINDOWS\System32\Wbem;C:\WINDOWS\System32\WindowsPowerShell\v1.0\;C:\WINDOWS\System32\OpenSSH\;C:\Program Files\Java\jdk1.8.0_311\bin;C:\Program Files\Git\cmd;C:\Program Files\MySQL\MySQL Shell 8.0\bin\;C:\Users\girish\AppData\Local\Microsoft\WindowsApps;;C:\Users\girish\AppData\Local\Programs\Microsoft VS Code\bin;C:\softwers\eclipse-jee-2023-03-R-win32-x86_64\eclipse;
USERNAME=girish
OS=Windows_NT
PROCESSOR_IDENTIFIER=Intel64 Family 6 Model 140 Stepping 1, GenuineIntel
TMP=C:\Users\girish\AppData\Local\Temp
TEMP=C:\Users\girish\AppData\Local\Temp



---------------  S Y S T E M  ---------------

OS:
 Windows 11 , 64 bit Build 22621 (10.0.22621.1635)
OS uptime: 1 days 19:40 hours

CPU: total 4 (initial active 4) (2 cores per cpu, 2 threads per core) family 6 model 140 stepping 1 microcode 0x86, cx8, cmov, fxsr, ht, mmx, 3dnowpref, sse, sse2, sse3, ssse3, sse4.1, sse4.2, popcnt, lzcnt, tsc, tscinvbit, avx, avx2, aes, erms, clmul, bmi1, bmi2, adx, avx512f, avx512dq, avx512cd, avx512bw, avx512vl, sha, fma, vzeroupper, avx512_vpopcntdq, avx512_vpclmulqdq, avx512_vaes, avx512_vnni, clflush, clflushopt, clwb, avx512_vbmi2, avx512_vbmi

Memory: 4k page, system-wide physical 7975M (1080M free)
TotalPageFile size 11655M (AvailPageFile size 2232M)
current process WorkingSet (physical memory assigned to process): 146M, peak: 222M
current process commit charge ("private bytes"): 172M, peak: 265M

vm_info: OpenJDK 64-Bit Server VM (17.0.6+10) for windows-amd64 JRE (17.0.6+10), built on Jan 18 2023 10:08:59 by "temurin" with MS VC++ 16.7 (VS2019)

END.
